iMPACT Version: 14.2

iMPACT log file Started on Sat Jan 14 20:28:51 2017

Welcome to iMPACT
iMPACT Version: 14.2
Project: E:\Reza\Documents\github\Yashil-fpga\\auto_project.ipf created.
// *** BATCH CMD : setMode -bs
GUI --- Auto connect to cable...
// *** BATCH CMD : setCable -port auto
INFO:iMPACT - Digilent Plugin: Plugin Version: 2.4.4
INFO:iMPACT - Digilent Plugin: no JTAG device was found.
AutoDetecting cable. Please wait.
PROGRESS_START - Starting Operation.
Connecting to cable (Usb Port - USB21).
Checking cable driver.
 Driver file xusb_xlp.sys found.
 Driver version: src=1029, dest=1029.
 Driver windrvr6.sys version = 11.5.0.0. WinDriver v11.5.0 Jungo Connectivity (c) 1997 - 2014 Build Date: Jan 26 2014x86_64 64bit SYS 13:30:18, version = 1150.
Invalid device driver license.
Cable connection failed.
Connecting to cable (Parallel Port - LPT1).
Checking cable driver.
 Driver windrvr6.sys version = 11.5.0.0. WinDriver v11.5.0 Jungo Connectivity (c) 1997 - 2014 Build Date: Jan 26 2014x86_64 64bit SYS 13:30:18, version = 1150.
Cable connection failed.
Connecting to cable (Parallel Port - LPT2).
Checking cable driver.
 Driver windrvr6.sys version = 11.5.0.0. WinDriver v11.5.0 Jungo Connectivity (c) 1997 - 2014 Build Date: Jan 26 2014x86_64 64bit SYS 13:30:18, version = 1150.
Cable connection failed.
Connecting to cable (Parallel Port - LPT3).
Checking cable driver.
 Driver windrvr6.sys version = 11.5.0.0. WinDriver v11.5.0 Jungo Connectivity (c) 1997 - 2014 Build Date: Jan 26 2014x86_64 64bit SYS 13:30:18, version = 1150.
Cable connection failed.
Connecting to cable (Parallel Port - LPT4).
Checking cable driver.
 Driver windrvr6.sys version = 11.5.0.0. WinDriver v11.5.0 Jungo Connectivity (c) 1997 - 2014 Build Date: Jan 26 2014x86_64 64bit SYS 13:30:18, version = 1150.
Cable connection failed.
PROGRESS_END - End Operation.
Elapsed time =      2 sec.
Cable autodetection failed.
WARNING:iMPACT:923 - Can not find cable, check cable setup !GUI --- Auto connect to cable...
// *** BATCH CMD : setCable -port auto
INFO:iMPACT - Digilent Plugin: Plugin Version: 2.4.4
INFO:iMPACT - Digilent Plugin: no JTAG device was found.
AutoDetecting cable. Please wait.
PROGRESS_START - Starting Operation.
Connecting to cable (Usb Port - USB21).
Checking cable driver.
 Driver file xusb_xlp.sys found.
 Driver version: src=1029, dest=1029.
 Driver windrvr6.sys version = 11.5.0.0. WinDriver v11.5.0 Jungo Connectivity (c) 1997 - 2014 Build Date: Jan 26 2014x86_64 64bit SYS 13:30:18, version = 1150.
Invalid device driver license.
Cable connection failed.
Connecting to cable (Parallel Port - LPT1).
Checking cable driver.
 Driver windrvr6.sys version = 11.5.0.0. WinDriver v11.5.0 Jungo Connectivity (c) 1997 - 2014 Build Date: Jan 26 2014x86_64 64bit SYS 13:30:18, version = 1150.
Cable connection failed.
Connecting to cable (Parallel Port - LPT2).
Checking cable driver.
 Driver windrvr6.sys version = 11.5.0.0. WinDriver v11.5.0 Jungo Connectivity (c) 1997 - 2014 Build Date: Jan 26 2014x86_64 64bit SYS 13:30:18, version = 1150.
Cable connection failed.
Connecting to cable (Parallel Port - LPT3).
Checking cable driver.
 Driver windrvr6.sys version = 11.5.0.0. WinDriver v11.5.0 Jungo Connectivity (c) 1997 - 2014 Build Date: Jan 26 2014x86_64 64bit SYS 13:30:18, version = 1150.
Cable connection failed.
Connecting to cable (Parallel Port - LPT4).
Checking cable driver.
 Driver windrvr6.sys version = 11.5.0.0. WinDriver v11.5.0 Jungo Connectivity (c) 1997 - 2014 Build Date: Jan 26 2014x86_64 64bit SYS 13:30:18, version = 1150.
Cable connection failed.
PROGRESS_END - End Operation.
Elapsed time =      1 sec.
Cable autodetection failed.
WARNING:iMPACT:923 - Can not find cable, check cable setup !// *** BATCH CMD : setMode -bs
INFO:iMPACT - Launching WebTalk, please refer to the webtalk log at   E:\Reza\Documents\github\Yashil-fpga\webtalk.log for details.
INFO:iMPACT - Running wbtc successfully.
// *** BATCH CMD : setMode -bs
// *** BATCH CMD : setMode -ss
// *** BATCH CMD : setMode -sm
// *** BATCH CMD : setMode -hw140
// *** BATCH CMD : setMode -spi
// *** BATCH CMD : setMode -acecf
// *** BATCH CMD : setMode -acempm
// *** BATCH CMD : setMode -pff
