Running: C:\Xilinx\14.7\ISE_DS\ISE\bin\nt64\unwrapped\fuse.exe -intstyle ise -incremental -o D:/GitHub/Yashil-fpga/test_isim_beh.exe -prj D:/GitHub/Yashil-fpga/test_beh.prj work.test 
ISim P.20131013 (signature 0x7708f090)
Number of CPUs detected in this system: 4
Turning on mult-threading, number of parallel sub-compilation jobs: 8 
Determining compilation order of HDL files
Parsing VHDL file "D:/GitHub/Yashil-fpga/micro_com2.vhd" into library work
Parsing VHDL file "D:/GitHub/Yashil-fpga/test.vhd" into library work
Starting static elaboration
Completed static elaboration
Compiling package standard
Compiling package std_logic_1164
Compiling package std_logic_arith
Compiling package std_logic_unsigned
Compiling architecture behavioral of entity micro_com2 [micro_com2_default]
Compiling architecture behavior of entity test
Time Resolution for simulation is 1ps.
Waiting for 1 sub-compilation(s) to finish...
WARNING:Simulator - Unable to copy libPortabilityNOSH.dll to the simulation executable directory: boost::filesystem::copy_file: The system cannot find the path specified, "isim\test_isim_beh.exe.sim\libPortability.dll".
Compiled 7 VHDL Units
Built simulation executable D:/GitHub/Yashil-fpga/test_isim_beh.exe
Fuse Memory Usage: 32992 KB
Fuse CPU Usage: 483 ms
