#
# A fatal error has been detected by the Java Runtime Environment:
#
#  EXCEPTION_ACCESS_VIOLATION (0xc0000005) at pc=0x0000000000360000, pid=4504, tid=3108
#
# JRE version: 7.0_17-b02
# Java VM: Java HotSpot(TM) 64-Bit Server VM (23.7-b01 mixed mode windows-amd64 compressed oops)
# Problematic frame:
# C  0x0000000000360000
#
# Failed to write core dump. Minidumps are not enabled by default on client versions of Windows
#
# If you would like to submit a bug report, please visit:
#   http://bugreport.sun.com/bugreport/crash.jsp
# The crash happened outside the Java Virtual Machine in native code.
# See problematic frame for where to report the bug.
#

---------------  T H R E A D  ---------------

Current thread (0x0000000031369000):  JavaThread "Swing-Shell" daemon [_thread_in_native, id=3108, stack(0x0000000032ed0000,0x00000000331d0000)]

siginfo: ExceptionCode=0xc0000005, ExceptionInformation=0x0000000000000008 0x0000000000360000

Registers:
RAX=0x0000000000360000, RBX=0x000000002feaa8f0, RCX=0x000000002ccb0a00, RDX=0x0000000000000000
RSP=0x00000000331ceec8, RBP=0x0000000000000000, RSI=0x0000000000000140, RDI=0x000000002feaaa38
R8 =0x0000000000000000, R9 =0x0000000000000000, R10=0x0000000000000000, R11=0x0000000000000203
R12=0x0000000000360000, R13=0x0000000000000001, R14=0x0000000000000000, R15=0x000000002feaa920
RIP=0x0000000000360000, EFLAGS=0x0000000000010246

Top of Stack: (sp=0x00000000331ceec8)
0x00000000331ceec8:   00007fff0ec6141c 000000002feaa800
0x00000000331ceed8:   00007fff16f0c364 0000000033b3b960
0x00000000331ceee8:   0000000000000000 0000000000000000
0x00000000331ceef8:   000000002de01480 00000000331cf240
0x00000000331cef08:   00007fff0ec76fda 000000002feaaa90
0x00000000331cef18:   00000000331cf1b8 0000000000000000
0x00000000331cef28:   000000002feaa870 000000002feaa870
0x00000000331cef38:   0000000000000000 0000000000000001
0x00000000331cef48:   00007fff0ec5fcf4 00000000314300f0
0x00000000331cef58:   00000000331cef78 0000000000000002
0x00000000331cef68:   00007fff0ec77aa8 0000000000000000
0x00000000331cef78:   00007fff0ec5faa0 0000000000000000
0x00000000331cef88:   0000000000000000 0000000000000040
0x00000000331cef98:   000000000a9172b1 000000002feaa870
0x00000000331cefa8:   00007ffefcac1882 00000000314300f0
0x00000000331cefb8:   000000000a91705d 000000001cff0020 

Instructions: (pc=0x0000000000360000)
0x000000000035ffe0:   
[error occurred during error reporting (printing registers, top of stack, instructions near pc), id 0xc0000005]

Register to memory mapping:

RAX=0x0000000000360000 is an unknown value
RBX=0x000000002feaa8f0 is an unknown value
RCX=0x000000002ccb0a00 is an unknown value
RDX=0x0000000000000000 is an unknown value
RSP=0x00000000331ceec8 is pointing into the stack for thread: 0x0000000031369000
RBP=0x0000000000000000 is an unknown value
RSI=0x0000000000000140 is an unknown value
RDI=0x000000002feaaa38 is an unknown value
R8 =0x0000000000000000 is an unknown value
R9 =0x0000000000000000 is an unknown value
R10=0x0000000000000000 is an unknown value
R11=0x0000000000000203 is an unknown value
R12=0x0000000000360000 is an unknown value
R13=0x0000000000000001 is an unknown value
R14=0x0000000000000000 is an unknown value
R15=0x000000002feaa920 is an unknown value


Stack: [0x0000000032ed0000,0x00000000331d0000],  sp=0x00000000331ceec8,  free space=3067k
Native frames: (J=compiled Java code, j=interpreted, Vv=VM code, C=native code)
C  0x0000000000360000

[error occurred during error reporting (printing native stack), id 0xc0000005]

Java frames: (J=compiled Java code, j=interpreted, Vv=VM code)
j  sun.awt.shell.Win32ShellFolder2.getNextChild(J)J+0
j  sun.awt.shell.Win32ShellFolder2.access$1100(Lsun/awt/shell/Win32ShellFolder2;J)J+2
j  sun.awt.shell.Win32ShellFolder2$9.call()[Ljava/io/File;+94
j  sun.awt.shell.Win32ShellFolder2$9.call()Ljava/lang/Object;+1
j  java.util.concurrent.FutureTask$Sync.innerRun()V+29
j  java.util.concurrent.FutureTask.run()V+4
j  java.util.concurrent.ThreadPoolExecutor.runWorker(Ljava/util/concurrent/ThreadPoolExecutor$Worker;)V+95
j  java.util.concurrent.ThreadPoolExecutor$Worker.run()V+5
j  sun.awt.shell.Win32ShellFolderManager2$ComInvoker$3.run()V+7
j  java.lang.Thread.run()V+11
v  ~StubRoutines::call_stub

---------------  P R O C E S S  ---------------

Java Threads: ( => current thread )
=>0x0000000031369000 JavaThread "Swing-Shell" daemon [_thread_in_native, id=3108, stack(0x0000000032ed0000,0x00000000331d0000)]
  0x00000000323e7800 JavaThread "HFileChooser Load File/Folder Choosers Thread" [_thread_blocked, id=752, stack(0x0000000032bd0000,0x0000000032ed0000)]
  0x0000000032257000 JavaThread "Monitor File Timestamp" [_thread_blocked, id=3536, stack(0x00000000328d0000,0x0000000032bd0000)]
  0x000000002fde3800 JavaThread "Image Fetcher 3" daemon [_thread_blocked, id=1196, stack(0x00000000304d0000,0x00000000307d0000)]
  0x000000002fded000 JavaThread "Image Fetcher 2" daemon [_thread_blocked, id=992, stack(0x00000000301d0000,0x00000000304d0000)]
  0x000000002fded800 JavaThread "Image Fetcher 1" daemon [_thread_blocked, id=4232, stack(0x000000002fed0000,0x00000000301d0000)]
  0x000000002d339000 JavaThread "Image Fetcher 0" daemon [_thread_blocked, id=4960, stack(0x000000002e0d0000,0x000000002e3d0000)]
  0x00000000072b3000 JavaThread "AWT-EventQueue-1" [_thread_in_Java, id=1924, stack(0x000000002dad0000,0x000000002ddd0000)]
  0x00000000072b9800 JavaThread "Process Messages" [_thread_blocked, id=3048, stack(0x000000002d7d0000,0x000000002dad0000)]
  0x00000000069cc800 JavaThread "Thread-3" [_thread_blocked, id=3560, stack(0x0000000003c90000,0x0000000005090000)]
  0x000000002d1b5800 JavaThread "AWT-EventQueue-0" [_thread_blocked, id=1096, stack(0x000000002d3d0000,0x000000002d6d0000)]
  0x000000002b5f5000 JavaThread "AWT-Windows" daemon [_thread_in_native, id=4500, stack(0x000000002c1e0000,0x000000002c4e0000)]
  0x000000002b5f6000 JavaThread "AWT-Shutdown" [_thread_blocked, id=1904, stack(0x000000002bee0000,0x000000002c1e0000)]
  0x000000002b600800 JavaThread "Java2D Disposer" daemon [_thread_blocked, id=480, stack(0x000000002bae0000,0x000000002bde0000)]
  0x000000002b5c1800 JavaThread "TimerQueue" daemon [_thread_blocked, id=360, stack(0x000000002b7e0000,0x000000002bae0000)]
  0x0000000028c30800 JavaThread "Service Thread" daemon [_thread_blocked, id=1340, stack(0x000000002a070000,0x000000002a370000)]
  0x0000000028bb5000 JavaThread "C1 CompilerThread2" daemon [_thread_blocked, id=3300, stack(0x0000000029f70000,0x000000002a070000)]
  0x0000000028bb1000 JavaThread "C2 CompilerThread1" daemon [_thread_blocked, id=2136, stack(0x0000000029e70000,0x0000000029f70000)]
  0x0000000024021000 JavaThread "C2 CompilerThread0" daemon [_thread_blocked, id=4408, stack(0x0000000029d70000,0x0000000029e70000)]
  0x0000000028ba1800 JavaThread "Attach Listener" daemon [_thread_blocked, id=3208, stack(0x0000000029a70000,0x0000000029d70000)]
  0x0000000028de2000 JavaThread "Signal Dispatcher" daemon [_thread_blocked, id=1332, stack(0x0000000029770000,0x0000000029a70000)]
  0x0000000028de4000 JavaThread "Surrogate Locker Thread (Concurrent GC)" daemon [_thread_blocked, id=4748, stack(0x0000000029470000,0x0000000029770000)]
  0x0000000024045800 JavaThread "Finalizer" daemon [_thread_blocked, id=2156, stack(0x0000000029170000,0x0000000029470000)]
  0x0000000024047000 JavaThread "Reference Handler" daemon [_thread_blocked, id=4600, stack(0x0000000028e70000,0x0000000029170000)]
  0x000000001ceeb000 JavaThread "main" [_thread_blocked, id=1908, stack(0x000000001d090000,0x000000001d190000)]

Other Threads:
  0x0000000023ff2000 VMThread [stack: 0x0000000028c70000,0x0000000028d70000] [id=1980]
  0x0000000028e37800 WatcherThread [stack: 0x000000002a370000,0x000000002a470000] [id=3212]

VM state:not at safepoint (normal execution)

VM Mutex/Monitor currently owned by a thread: None

Heap
 par new generation   total 55296K, used 23317K [0x0000000778000000, 0x000000077bc00000, 0x000000077bc00000)
  eden space 49152K,  34% used [0x0000000778000000, 0x00000007790c5788, 0x000000077b000000)
  from space 6144K, 100% used [0x000000077b000000, 0x000000077b600000, 0x000000077b600000)
  to   space 6144K,   0% used [0x000000077b600000, 0x000000077b600000, 0x000000077bc00000)
 concurrent mark-sweep generation total 69632K, used 11531K [0x000000077bc00000, 0x0000000780000000, 0x00000007f8000000)
 concurrent-mark-sweep perm gen total 131072K, used 28062K [0x00000007f8000000, 0x0000000800000000, 0x0000000800000000)

Card table byte_map: [0x0000000023730000,0x0000000023b80000] byte_map_base: 0x000000001fb70000

Polling page: 0x000000001d190000

Code Cache  [0x000000001d1b0000, 0x000000001d7e0000, 0x00000000231b0000)
 total_blobs=2330 nmethods=1726 adapters=519 free_code_cache=92040Kb largest_free_block=94201920

Compilation events (10 events):
Event: 3.495 Thread 0x0000000028bb5000 nmethod 1980 0x000000001d7d7810 code [0x000000001d7d79c0, 0x000000001d7d81e8]
Event: 3.496 Thread 0x0000000028bb5000 1985       3       javax.swing.AbstractButton::access$100 (5 bytes)
Event: 3.496 Thread 0x0000000028bb5000 nmethod 1985 0x000000001d7d2a50 code [0x000000001d7d2bc0, 0x000000001d7d2d68]
Event: 3.496 Thread 0x0000000028bb5000 1981       3       java.util.concurrent.locks.AbstractQueuedSynchronizer::isOnSyncQueue (33 bytes)
Event: 3.496 Thread 0x0000000028bb5000 nmethod 1981 0x000000001d35b510 code [0x000000001d35b6a0, 0x000000001d35ba70]
Event: 3.497 Thread 0x0000000028bb5000 1982       3       java.util.concurrent.locks.ReentrantLock$NonfairSync::tryAcquire (6 bytes)
Event: 3.498 Thread 0x0000000028bb5000 nmethod 1982 0x000000001d32d150 code [0x000000001d32d2c0, 0x000000001d32d508]
Event: 3.498 Thread 0x0000000028bb5000 1983       3       javax.swing.AbstractButton::setUI (36 bytes)
Event: 3.499 Thread 0x0000000028bb5000 nmethod 1983 0x000000001d4b4910 code [0x000000001d4b4ac0, 0x000000001d4b4fc8]
Event: 3.506 Thread 0x0000000028bb5000 1992   !   3       javax.swing.text.html.parser.Parser::readCh (73 bytes)

GC Heap History (4 events):
Event: 1.200 GC heap before
{Heap before GC invocations=0 (full 0):
 par new generation   total 55296K, used 49152K [0x0000000778000000, 0x000000077bc00000, 0x000000077bc00000)
  eden space 49152K, 100% used [0x0000000778000000, 0x000000077b000000, 0x000000077b000000)
  from space 6144K,   0% used [0x000000077b000000, 0x000000077b000000, 0x000000077b600000)
  to   space 6144K,   0% used [0x000000077b600000, 0x000000077b600000, 0x000000077bc00000)
 concurrent mark-sweep generation total 69632K, used 0K [0x000000077bc00000, 0x0000000780000000, 0x00000007f8000000)
 concurrent-mark-sweep perm gen total 131072K, used 13024K [0x00000007f8000000, 0x0000000800000000, 0x0000000800000000)
Event: 1.215 GC heap after
Heap after GC invocations=1 (full 0):
 par new generation   total 55296K, used 6144K [0x0000000778000000, 0x000000077bc00000, 0x000000077bc00000)
  eden space 49152K,   0% used [0x0000000778000000, 0x0000000778000000, 0x000000077b000000)
  from space 6144K, 100% used [0x000000077b600000, 0x000000077bc00000, 0x000000077bc00000)
  to   space 6144K,   0% used [0x000000077b000000, 0x000000077b000000, 0x000000077b600000)
 concurrent mark-sweep generation total 69632K, used 557K [0x000000077bc00000, 0x0000000780000000, 0x00000007f8000000)
 concurrent-mark-sweep perm gen total 131072K, used 13024K [0x00000007f8000000, 0x0000000800000000, 0x0000000800000000)
}
Event: 2.848 GC heap before
{Heap before GC invocations=1 (full 0):
 par new generation   total 55296K, used 55296K [0x0000000778000000, 0x000000077bc00000, 0x000000077bc00000)
  eden space 49152K, 100% used [0x0000000778000000, 0x000000077b000000, 0x000000077b000000)
  from space 6144K, 100% used [0x000000077b600000, 0x000000077bc00000, 0x000000077bc00000)
  to   space 6144K,   0% used [0x000000077b000000, 0x000000077b000000, 0x000000077b600000)
 concurrent mark-sweep generation total 69632K, used 557K [0x000000077bc00000, 0x0000000780000000, 0x00000007f8000000)
 concurrent-mark-sweep perm gen total 131072K, used 22828K [0x00000007f8000000, 0x0000000800000000, 0x0000000800000000)
Event: 2.906 GC heap after
Heap after GC invocations=2 (full 0):
 par new generation   total 55296K, used 6144K [0x0000000778000000, 0x000000077bc00000, 0x000000077bc00000)
  eden space 49152K,   0% used [0x0000000778000000, 0x0000000778000000, 0x000000077b000000)
  from space 6144K, 100% used [0x000000077b000000, 0x000000077b600000, 0x000000077b600000)
  to   space 6144K,   0% used [0x000000077b600000, 0x000000077b600000, 0x000000077bc00000)
 concurrent mark-sweep generation total 69632K, used 11531K [0x000000077bc00000, 0x0000000780000000, 0x00000007f8000000)
 concurrent-mark-sweep perm gen total 131072K, used 22828K [0x00000007f8000000, 0x0000000800000000, 0x0000000800000000)
}

Deoptimization events (10 events):
Event: 3.208 Thread 0x00000000323e7800 Uncommon trap -83 fr.pc 0x000000001d73437c
Event: 3.216 Thread 0x00000000323e7800 Uncommon trap -58 fr.pc 0x000000001d5dc4d4
Event: 3.219 Thread 0x00000000323e7800 Uncommon trap -58 fr.pc 0x000000001d5dc4d4
Event: 3.220 Thread 0x00000000323e7800 Uncommon trap -58 fr.pc 0x000000001d5dc4d4
Event: 3.220 Thread 0x00000000323e7800 Uncommon trap -58 fr.pc 0x000000001d5dc4d4
Event: 3.246 Thread 0x00000000323e7800 Uncommon trap 668 fr.pc 0x000000001d6f2294
Event: 3.310 Thread 0x00000000323e7800 Uncommon trap -34 fr.pc 0x000000001d39ae64
Event: 3.353 Thread 0x00000000323e7800 Uncommon trap -34 fr.pc 0x000000001d39ae64
Event: 3.382 Thread 0x00000000323e7800 Uncommon trap -34 fr.pc 0x000000001d39ae64
Event: 3.487 Thread 0x00000000072b3000 Uncommon trap -83 fr.pc 0x000000001d692288

Internal exceptions (10 events):
Event: 3.493 Thread 0x00000000072b3000 Threw 0x0000000778f592c0 at C:\jdk7u2_64p\jdk7u17\hotspot\src\share\vm\prims\jvm.cpp:1166
Event: 3.495 Thread 0x00000000072b3000 Threw 0x0000000778f5c7d8 at C:\jdk7u2_64p\jdk7u17\hotspot\src\share\vm\prims\jvm.cpp:1166
Event: 3.496 Thread 0x00000000072b3000 Threw 0x0000000778f6eae0 at C:\jdk7u2_64p\jdk7u17\hotspot\src\share\vm\prims\jvm.cpp:1166
Event: 3.497 Thread 0x00000000072b3000 Threw 0x0000000778f70998 at C:\jdk7u2_64p\jdk7u17\hotspot\src\share\vm\prims\jvm.cpp:1166
Event: 3.497 Thread 0x00000000072b3000 Threw 0x0000000778f72958 at C:\jdk7u2_64p\jdk7u17\hotspot\src\share\vm\prims\jvm.cpp:1166
Event: 3.500 Thread 0x00000000072b3000 Threw 0x0000000778f7bfb0 at C:\jdk7u2_64p\jdk7u17\hotspot\src\share\vm\prims\jvm.cpp:1166
Event: 3.501 Thread 0x00000000072b3000 Threw 0x0000000778f7e848 at C:\jdk7u2_64p\jdk7u17\hotspot\src\share\vm\prims\jvm.cpp:1166
Event: 3.502 Thread 0x00000000072b3000 Threw 0x0000000778f9e2f8 at C:\jdk7u2_64p\jdk7u17\hotspot\src\share\vm\prims\jvm.cpp:1166
Event: 3.503 Thread 0x00000000072b3000 Threw 0x0000000778fa2bf8 at C:\jdk7u2_64p\jdk7u17\hotspot\src\share\vm\prims\jvm.cpp:1166
Event: 3.504 Thread 0x00000000072b3000 Threw 0x0000000778fb3ba0 at C:\jdk7u2_64p\jdk7u17\hotspot\src\share\vm\prims\jvm.cpp:1166

Events (10 events):
Event: 3.500 loading class 0x0000000030cabd80
Event: 3.500 loading class 0x0000000030cabd80 done
Event: 3.501 loading class 0x00000000313d36e0
Event: 3.501 loading class 0x00000000313d36e0 done
Event: 3.502 loading class 0x0000000031134140
Event: 3.502 loading class 0x0000000031134140 done
Event: 3.503 loading class 0x0000000028df7980
Event: 3.503 loading class 0x0000000028df7980 done
Event: 3.504 loading class 0x0000000031133c00
Event: 3.504 loading class 0x0000000031133c00 done


Dynamic libraries:
0x0000000140000000 - 0x000000014000e000 	C:\Xilinx\14.7\ISE_DS\PlanAhead\bin\unwrapped\win64.o\planAhead.exe
0x00007fff16ef0000 - 0x00007fff17099000 	C:\WINDOWS\SYSTEM32\ntdll.dll
0x00007fff14ca0000 - 0x00007fff14dd9000 	C:\WINDOWS\system32\KERNEL32.DLL
0x00007fff145d0000 - 0x00007fff146de000 	C:\WINDOWS\system32\KERNELBASE.dll
0x000000000a900000 - 0x000000000a945000 	C:\Xilinx\14.7\ISE_DS\PlanAhead\lib\win64.o\SHSMP64.dll
0x0000000180000000 - 0x0000000180013000 	C:\Xilinx\14.7\ISE_DS\PlanAhead\lib\win64.o\libboost_signals.dll
0x0000000000460000 - 0x0000000000ce1000 	C:\Xilinx\14.7\ISE_DS\PlanAhead\lib\win64.o\librdi_common.dll
0x00000000001f0000 - 0x0000000000206000 	C:\Xilinx\14.7\ISE_DS\PlanAhead\lib\win64.o\librdi_commonmain.dll
0x0000000000210000 - 0x00000000002fe000 	C:\Xilinx\14.7\ISE_DS\PlanAhead\lib\win64.o\stlport.5.2.dll
0x0000000067c00000 - 0x0000000067ca3000 	C:\WINDOWS\WinSxS\amd64_microsoft.vc90.crt_1fc8b3b9a1e18e3b_9.0.30729.8387_none_08e793bfa83a89b5\MSVCR90.dll
0x00007fff14ed0000 - 0x00007fff15041000 	C:\WINDOWS\system32\USER32.dll
0x00007fff15050000 - 0x00007fff150f5000 	C:\WINDOWS\system32\ADVAPI32.dll
0x00007fff0d820000 - 0x00007fff0d82a000 	C:\WINDOWS\SYSTEM32\VERSION.dll
0x0000000000cf0000 - 0x0000000000fd9000 	C:\Xilinx\14.7\ISE_DS\PlanAhead\lib\win64.o\libCOIN-all.dll
0x0000000000fe0000 - 0x000000000121a000 	C:\Xilinx\14.7\ISE_DS\PlanAhead\lib\win64.o\libSecurity.dll
0x0000000000330000 - 0x000000000033f000 	C:\Xilinx\14.7\ISE_DS\PlanAhead\lib\win64.o\libboost_date_time.dll
0x0000000001220000 - 0x0000000001247000 	C:\Xilinx\14.7\ISE_DS\PlanAhead\lib\win64.o\libboost_filesystem.dll
0x0000000001250000 - 0x00000000012c1000 	C:\Xilinx\14.7\ISE_DS\PlanAhead\lib\win64.o\libboost_program_options.dll
0x00000000012d0000 - 0x000000000137f000 	C:\Xilinx\14.7\ISE_DS\PlanAhead\lib\win64.o\libboost_regex.dll
0x0000000000340000 - 0x0000000000349000 	C:\Xilinx\14.7\ISE_DS\PlanAhead\lib\win64.o\libboost_system.dll
0x0000000001380000 - 0x0000000001396000 	C:\Xilinx\14.7\ISE_DS\PlanAhead\lib\win64.o\libboost_thread.dll
0x00000000013a0000 - 0x00000000013e3000 	C:\Xilinx\14.7\ISE_DS\PlanAhead\lib\win64.o\libcurl.dll
0x00000000013f0000 - 0x0000000001473000 	C:\Xilinx\14.7\ISE_DS\PlanAhead\lib\win64.o\libhdlpsolve.dll
0x0000000001480000 - 0x0000000001537000 	C:\Xilinx\14.7\ISE_DS\PlanAhead\lib\win64.o\libhdxml.dll
0x0000000001540000 - 0x0000000001a830d3 	C:\Xilinx\14.7\ISE_DS\PlanAhead\lib\win64.o\libisl_iostreams.dll
0x0000000001a90000 - 0x0000000001ab9000 	C:\Xilinx\14.7\ISE_DS\PlanAhead\lib\win64.o\libisl_sysinfo.dll
0x0000000067250000 - 0x000000006796f000 	C:\Xilinx\14.7\ISE_DS\PlanAhead\tps\win64\jre\bin\server\jvm.dll
0x0000000001ac0000 - 0x0000000001ad2000 	C:\Xilinx\14.7\ISE_DS\PlanAhead\lib\win64.o\pthreadVC.dll
0x0000000001ae0000 - 0x0000000001af6000 	C:\Xilinx\14.7\ISE_DS\PlanAhead\lib\win64.o\librdiconfig.dll
0x0000000001b00000 - 0x0000000001b1e000 	C:\Xilinx\14.7\ISE_DS\PlanAhead\lib\win64.o\librdizlib.dll
0x0000000010000000 - 0x000000001012a000 	C:\Xilinx\14.7\ISE_DS\PlanAhead\lib\win64.o\tcl85t.dll
0x0000000012000000 - 0x0000000012282000 	C:\Xilinx\14.7\ISE_DS\PlanAhead\lib\win64.o\xerces-c_3_1.dll
0x00007fff16ca0000 - 0x00007fff16ca7000 	C:\WINDOWS\system32\PSAPI.DLL
0x00007fff0dce0000 - 0x00007fff0df20000 	C:\WINDOWS\SYSTEM32\WININET.dll
0x00007fff0d900000 - 0x00007fff0d9c5000 	C:\WINDOWS\SYSTEM32\WINHTTP.dll
0x00007fff0e1d0000 - 0x00007fff0e32f000 	C:\WINDOWS\SYSTEM32\urlmon.dll
0x00007fff01fa0000 - 0x00007fff01fa9000 	C:\WINDOWS\SYSTEM32\WSOCK32.dll
0x0000000067970000 - 0x0000000067a43000 	C:\WINDOWS\WinSxS\amd64_microsoft.vc90.crt_1fc8b3b9a1e18e3b_9.0.30729.8387_none_08e793bfa83a89b5\MSVCP90.dll
0x00007fff15830000 - 0x00007fff16c3d000 	C:\WINDOWS\system32\SHELL32.dll
0x00007fff15360000 - 0x00007fff154a5000 	C:\WINDOWS\system32\GDI32.dll
0x00007fff14e20000 - 0x00007fff14ec7000 	C:\WINDOWS\system32\msvcrt.dll
0x00007fff16c40000 - 0x00007fff16c97000 	C:\WINDOWS\SYSTEM32\sechost.dll
0x00007fff15510000 - 0x00007fff15646000 	C:\WINDOWS\system32\RPCRT4.dll
0x00007fff12010000 - 0x00007fff12025000 	C:\WINDOWS\SYSTEM32\NETAPI32.dll
0x00007fff14780000 - 0x00007fff1481a000 	C:\WINDOWS\system32\COMDLG32.dll
0x00007fff14340000 - 0x00007fff143e1000 	C:\WINDOWS\WinSxS\amd64_microsoft.windows.common-controls_6595b64144ccf1df_5.82.9600.16384_none_34a8918f959016ea\COMCTL32.dll
0x00007fff14a00000 - 0x00007fff14ab7000 	C:\WINDOWS\system32\OLEAUT32.dll
0x00007fff14b20000 - 0x00007fff14c96000 	C:\WINDOWS\system32\ole32.dll
0x00007fff146e0000 - 0x00007fff1472e000 	C:\WINDOWS\system32\WINTRUST.dll
0x00007fff143f0000 - 0x00007fff145c7000 	C:\WINDOWS\system32\CRYPT32.dll
0x0000000001bb0000 - 0x0000000001bbc000 	C:\Xilinx\14.7\ISE_DS\PlanAhead\lib\win64.o\libboost_chrono.dll
0x00007fff16e20000 - 0x00007fff16e78000 	C:\WINDOWS\system32\WS2_32.dll
0x00007fff14ac0000 - 0x00007fff14b1a000 	C:\WINDOWS\system32\WLDAP32.dll
0x0000000001bf0000 - 0x0000000001c09000 	C:\Xilinx\14.7\ISE_DS\PlanAhead\lib\win64.o\libboost_iostreams.dll
0x00007fff0a490000 - 0x00007fff0a4af000 	C:\WINDOWS\SYSTEM32\WINMM.dll
0x0000000067b20000 - 0x0000000067bf2000 	C:\WINDOWS\SYSTEM32\MSVCR100.dll
0x00007fff0df20000 - 0x00007fff0e1c8000 	C:\WINDOWS\SYSTEM32\iertutil.dll
0x00007fff14820000 - 0x00007fff149f7000 	C:\WINDOWS\SYSTEM32\combase.dll
0x00007fff16e80000 - 0x00007fff16ed1000 	C:\WINDOWS\system32\SHLWAPI.dll
0x00007fff13c60000 - 0x00007fff13c6c000 	C:\WINDOWS\SYSTEM32\netutils.dll
0x00007fff140c0000 - 0x00007fff140e5000 	C:\WINDOWS\SYSTEM32\srvcli.dll
0x00007fff131d0000 - 0x00007fff131e6000 	C:\WINDOWS\SYSTEM32\wkscli.dll
0x00007fff14320000 - 0x00007fff14332000 	C:\WINDOWS\system32\MSASN1.dll
0x00007fff16ee0000 - 0x00007fff16ee9000 	C:\WINDOWS\system32\NSI.dll
0x00007fff0a420000 - 0x00007fff0a44a000 	C:\WINDOWS\SYSTEM32\WINMMBASE.dll
0x00007fff14730000 - 0x00007fff1477a000 	C:\WINDOWS\SYSTEM32\cfgmgr32.dll
0x00007fff126b0000 - 0x00007fff126d6000 	C:\WINDOWS\SYSTEM32\DEVOBJ.dll
0x00007fff131f0000 - 0x00007fff13291000 	C:\WINDOWS\SYSTEM32\SHCORE.DLL
0x00007fff14de0000 - 0x00007fff14e14000 	C:\WINDOWS\system32\IMM32.DLL
0x00007fff16cb0000 - 0x00007fff16de8000 	C:\WINDOWS\system32\MSCTF.dll
0x0000000005090000 - 0x0000000005383000 	C:\Xilinx\14.7\ISE_DS\PlanAhead\lib\win64.o\librdi_commontasks.dll
0x0000000008a90000 - 0x00000000090d0000 	C:\Xilinx\14.7\ISE_DS\PlanAhead\lib\win64.o\librdi_coretasks.dll
0x00000000090d0000 - 0x0000000009297000 	C:\Xilinx\14.7\ISE_DS\PlanAhead\lib\win64.o\librdi_chipscope.dll
0x00000000092a0000 - 0x000000000a2c0000 	C:\Xilinx\14.7\ISE_DS\PlanAhead\lib\win64.o\librdi_constraints.dll
0x000000000a950000 - 0x000000000bc1c000 	C:\Xilinx\14.7\ISE_DS\PlanAhead\lib\win64.o\librdi_coregen.dll
0x000000000bc20000 - 0x000000000f271000 	C:\Xilinx\14.7\ISE_DS\PlanAhead\lib\win64.o\librdi_designutils.dll
0x000000000f280000 - 0x000000000fe5a000 	C:\Xilinx\14.7\ISE_DS\PlanAhead\lib\win64.o\librdi_device.dll
0x000000000a2c0000 - 0x000000000a5d4000 	C:\Xilinx\14.7\ISE_DS\PlanAhead\lib\win64.o\librdi_drc.dll
0x000000000a5e0000 - 0x000000000a86e000 	C:\Xilinx\14.7\ISE_DS\PlanAhead\lib\win64.o\librdi_filemgmt.dll
0x0000000010130000 - 0x0000000010506000 	C:\Xilinx\14.7\ISE_DS\PlanAhead\lib\win64.o\librdi_netlist.dll
0x0000000010510000 - 0x0000000011633000 	C:\Xilinx\14.7\ISE_DS\PlanAhead\lib\win64.o\librdi_place.dll
0x0000000011640000 - 0x0000000011b62000 	C:\Xilinx\14.7\ISE_DS\PlanAhead\lib\win64.o\librdi_power.dll
0x0000000011b70000 - 0x0000000011f23000 	C:\Xilinx\14.7\ISE_DS\PlanAhead\lib\win64.o\librdi_project.dll
0x0000000012290000 - 0x000000001282d000 	C:\Xilinx\14.7\ISE_DS\PlanAhead\lib\win64.o\librdi_rsb.dll
0x0000000012830000 - 0x0000000012c28000 	C:\Xilinx\14.7\ISE_DS\PlanAhead\lib\win64.o\librdi_runs.dll
0x0000000012c30000 - 0x0000000013708000 	C:\Xilinx\14.7\ISE_DS\PlanAhead\lib\win64.o\librdi_timing.dll
0x000000000a870000 - 0x000000000a8de000 	C:\Xilinx\14.7\ISE_DS\PlanAhead\lib\win64.o\liblmx6.0.dll
0x00000000037e0000 - 0x00000000037e8000 	C:\Xilinx\14.7\ISE_DS\PlanAhead\lib\win64.o\libpsta_dllwrapper.dll
0x0000000013710000 - 0x0000000013edf000 	C:\Xilinx\14.7\ISE_DS\PlanAhead\lib\win64.o\librdi_coregenipxact.dll
0x0000000013ee0000 - 0x0000000014680000 	C:\Xilinx\14.7\ISE_DS\PlanAhead\lib\win64.o\libverific.dll
0x000000000fe60000 - 0x000000000fedd000 	C:\Xilinx\14.7\ISE_DS\PlanAhead\lib\win64.o\libboost_serialization.dll
0x0000000014680000 - 0x0000000014bc4000 	C:\Xilinx\14.7\ISE_DS\PlanAhead\lib\win64.o\librdi_xdm.dll
0x000000000ff20000 - 0x000000000ffb0000 	C:\Xilinx\14.7\ISE_DS\PlanAhead\lib\win64.o\libise.dll
0x0000000014bd0000 - 0x00000000151ac000 	C:\Xilinx\14.7\ISE_DS\PlanAhead\lib\win64.o\librdi_abc_nomp.dll
0x00000000151b0000 - 0x00000000152d8000 	C:\Xilinx\14.7\ISE_DS\PlanAhead\lib\win64.o\librdi_dlyest.dll
0x000000000ffb0000 - 0x000000000ffca000 	C:\Xilinx\14.7\ISE_DS\PlanAhead\lib\win64.o\librdi_hmetis.dll
0x0000000067230000 - 0x0000000067241000 	C:\WINDOWS\WinSxS\amd64_microsoft.vc90.openmp_1fc8b3b9a1e18e3b_9.0.30729.6161_none_390d35aa0a1f21f9\VCOMP90.DLL
0x00000000152e0000 - 0x00000000158ce000 	C:\Xilinx\14.7\ISE_DS\PlanAhead\lib\win64.o\librdi_route.dll
0x00000000158d0000 - 0x0000000015afa000 	C:\Xilinx\14.7\ISE_DS\PlanAhead\lib\win64.o\librdi_labtools.dll
0x0000000015b00000 - 0x000000001603b000 	C:\Xilinx\14.7\ISE_DS\PlanAhead\lib\win64.o\librdi_memdata.dll
0x0000000016040000 - 0x000000001776f000 	C:\Xilinx\14.7\ISE_DS\PlanAhead\lib\win64.o\librdi_synth.dll
0x0000000017770000 - 0x0000000017bae000 	C:\Xilinx\14.7\ISE_DS\PlanAhead\lib\win64.o\librdi_ip.dll
0x0000000017bc0000 - 0x0000000017bfd000 	C:\Xilinx\14.7\ISE_DS\PlanAhead\lib\win64.o\librdi_simbridge_kernel.dll
0x0000000017c00000 - 0x0000000018076000 	C:\Xilinx\14.7\ISE_DS\PlanAhead\lib\win64.o\librdi_wavedata.dll
0x00000000195d0000 - 0x000000001b688000 	C:\Xilinx\14.7\ISE_DS\PlanAhead\lib\win64.o\librdi_tcltasks.dll
0x000000001b6a0000 - 0x000000001b914000 	C:\Xilinx\14.7\ISE_DS\PlanAhead\lib\win64.o\librdi_bitstream.dll
0x000000001b920000 - 0x000000001b9f4000 	C:\Xilinx\14.7\ISE_DS\PlanAhead\lib\win64.o\librdi_dsp.dll
0x000000001ba00000 - 0x000000001ba6e000 	C:\Xilinx\14.7\ISE_DS\PlanAhead\lib\win64.o\librdi_edk.dll
0x000000001ba70000 - 0x000000001bc7e000 	C:\Xilinx\14.7\ISE_DS\PlanAhead\lib\win64.o\librdi_simdata.dll
0x000000001bec0000 - 0x000000001c016000 	C:\Xilinx\14.7\ISE_DS\PlanAhead\lib\win64.o\librdi_planaheadtasks.dll
0x000000001c030000 - 0x000000001ce78000 	C:\Xilinx\14.7\ISE_DS\PlanAhead\lib\win64.o\librdi_ipservicestasks.dll
0x0000000067220000 - 0x000000006722f000 	C:\Xilinx\14.7\ISE_DS\PlanAhead\tps\win64\jre\bin\verify.dll
0x00000000671f0000 - 0x0000000067218000 	C:\Xilinx\14.7\ISE_DS\PlanAhead\tps\win64\jre\bin\java.dll
0x00000000671d0000 - 0x00000000671e5000 	C:\Xilinx\14.7\ISE_DS\PlanAhead\tps\win64\jre\bin\zip.dll
0x00000000671b0000 - 0x00000000671c9000 	C:\Xilinx\14.7\ISE_DS\PlanAhead\tps\win64\jre\bin\net.dll
0x00007fff13ae0000 - 0x00007fff13b38000 	C:\WINDOWS\system32\mswsock.dll
0x0000000067190000 - 0x00000000671a1000 	C:\Xilinx\14.7\ISE_DS\PlanAhead\tps\win64\jre\bin\nio.dll
0x000000002a770000 - 0x000000002aa56000 	C:\Xilinx\14.7\ISE_DS\PlanAhead\lib\win64.o\librdi_fed.dll
0x000000002aa70000 - 0x000000002acd1000 	C:\Xilinx\14.7\ISE_DS\PlanAhead\lib\win64.o\librdi_guitools.dll
0x000000002acf0000 - 0x000000002acf7000 	C:\Xilinx\14.7\ISE_DS\PlanAhead\lib\win64.o\librdi_commonx11.dll
0x000000002ad10000 - 0x000000002b0fe000 	C:\Xilinx\14.7\ISE_DS\PlanAhead\lib\win64.o\librdi_rsbtasks.dll
0x000000002b110000 - 0x000000002b359000 	C:\Xilinx\14.7\ISE_DS\PlanAhead\lib\win64.o\librdi_labtoolstasks.dll
0x000000002b370000 - 0x000000002b528000 	C:\Xilinx\14.7\ISE_DS\PlanAhead\lib\win64.o\librdi_simtcltasks.dll
0x0000000066ff0000 - 0x0000000067183000 	C:\Xilinx\14.7\ISE_DS\PlanAhead\tps\win64\jre\bin\awt.dll
0x00007fff12450000 - 0x00007fff124db000 	C:\WINDOWS\system32\apphelp.dll
0x00007fff12580000 - 0x00007fff126a2000 	C:\WINDOWS\system32\uxtheme.dll
0x00007fff14070000 - 0x00007fff14091000 	C:\WINDOWS\system32\dwmapi.dll
0x00007fff12570000 - 0x00007fff1257a000 	C:\WINDOWS\SYSTEM32\kernel.appcore.dll

VM Arguments:
jvm_args: -Dsun.java2d.pmoffscreen=false -Xverify:none -Dswing.aatext=true -XX:-UsePerfData -Djdk.map.althashing.threshold=512 -XX:PermSize=128m -XX:MaxPermSize=128m -XX:NewSize=60m -XX:MaxNewSize=60m -XX:+UseConcMarkSweepGC -XX:+UseParNewGC -XX:+CMSParallelRemarkEnabled -XX:+CMSScavengeBeforeRemark -XX:+UseNUMA -XX:+AggressiveOpts -XX:+UseFastAccessorMethods -XX:+UseFastEmptyMethods -XX:+UseBiasedLocking -XX:+TieredCompilation -Xms128m -Xmx2048m -Xss3m 
java_command: <unknown>
Launcher Type: generic

Environment Variables:
PATH=C:/Xilinx/14.7/ISE_DS/PlanAhead/bin;C:/Xilinx/14.7/ISE_DS/PlanAhead/lib/win64.o;C:/Xilinx/14.7/ISE_DS/PlanAhead/tps/win64/jre/bin/server;C:/Xilinx/14.7/ISE_DS/PlanAhead/tps/win64/jre/bin;C:/Xilinx/14.7/ISE_DS/EDK/bin/nt64;C:/Xilinx/14.7/ISE_DS/EDK/lib/nt64;C:/Xilinx/14.7/ISE_DS/ISE/bin/nt64;C:/Xilinx/14.7/ISE_DS/ISE/lib/nt64;C:/Xilinx/14.7/ISE_DS/common/bin/nt64;C:/Xilinx/14.7/ISE_DS/common/lib/nt64;C:\Xilinx\14.7\ISE_DS\ISE\\lib\nt64;C:\Xilinx\14.7\ISE_DS\ISE\\bin\nt64;C:\Xilinx\14.7\ISE_DS\ISE\bin\nt64;C:\Xilinx\14.7\ISE_DS\ISE\lib\nt64;C:\Xilinx\14.7\ISE_DS\ISE\..\..\..\DocNav;C:\Xilinx\14.7\ISE_DS\PlanAhead\bin;C:\Xilinx\14.7\ISE_DS\EDK\bin\nt64;C:\Xilinx\14.7\ISE_DS\EDK\lib\nt64;C:\Xilinx\14.7\ISE_DS\EDK\gnu\microblaze\nt\bin;C:\Xilinx\14.7\ISE_DS\EDK\gnu\powerpc-eabi\nt\bin;C:\Xilinx\14.7\ISE_DS\EDK\gnuwin\bin;C:\Xilinx\14.7\ISE_DS\EDK\gnu\arm\nt\bin;C:\Xilinx\14.7\ISE_DS\EDK\gnu\microblaze\linux_toolchain\nt64_be\bin;C:\Xilinx\14.7\ISE_DS\EDK\gnu\microblaze\linux_toolchain\nt64_le\bin;C:\Xilinx\14.7\ISE_DS\common\bin\nt64;C:\Xilinx\14.7\ISE_DS\common\lib\nt64;C:\WINDOWS\system32;C:\WINDOWS;C:\WINDOWS\System32\Wbem;C:\WINDOWS\System32\WindowsPowerShell\v1.0\;C:\Program Files\MATLAB\R2014b\runtime\win64;C:\Program Files\MATLAB\R2014b\bin
USERNAME=vida
OS=Windows_NT
PROCESSOR_IDENTIFIER=Intel64 Family 6 Model 37 Stepping 5, GenuineIntel



---------------  S Y S T E M  ---------------

OS: Windows 8 , 64 bit Build 9200 

CPU:total 4 (2 cores per cpu, 2 threads per core) family 6 model 37 stepping 5, cmov, cx8, fxsr, mmx, sse, sse2, sse3, ssse3, sse4.1, sse4.2, popcnt, ht, tsc, tscinvbit

Memory: 4k page, physical 3004268k(928948k free), swap 6305244k(2993100k free)

vm_info: Java HotSpot(TM) 64-Bit Server VM (23.7-b01) for windows-amd64 JRE (1.7.0_17-b02), built on Mar  1 2013 03:38:30 by "java_re" with unknown MS VC++:1600

time: Sat Mar 28 15:28:10 2015
elapsed time: 3 seconds

