#
# A fatal error has been detected by the Java Runtime Environment:
#
#  EXCEPTION_ACCESS_VIOLATION (0xc0000005) at pc=0x00000000001c0000, pid=3696, tid=5044
#
# JRE version: 7.0_17-b02
# Java VM: Java HotSpot(TM) 64-Bit Server VM (23.7-b01 mixed mode windows-amd64 compressed oops)
# Problematic frame:
# C  0x00000000001c0000
#
# Failed to write core dump. Minidumps are not enabled by default on client versions of Windows
#
# If you would like to submit a bug report, please visit:
#   http://bugreport.sun.com/bugreport/crash.jsp
# The crash happened outside the Java Virtual Machine in native code.
# See problematic frame for where to report the bug.
#

---------------  T H R E A D  ---------------

Current thread (0x000000002d353000):  JavaThread "Swing-Shell" daemon [_thread_in_native, id=5044, stack(0x0000000037020000,0x0000000037320000)]

siginfo: ExceptionCode=0xc0000005, ExceptionInformation=0x0000000000000008 0x00000000001c0000

Registers:
RAX=0x00000000001c0000, RBX=0x0000000030ac0720, RCX=0x000000002a8d0c80, RDX=0x0000000000000000
RSP=0x000000003731ee48, RBP=0x0000000000000000, RSI=0x0000000000000140, RDI=0x0000000030ac0868
R8 =0x0000000000000000, R9 =0x0000000000000000, R10=0x0000000000000000, R11=0x0000000000000203
R12=0x00000000001c0000, R13=0x0000000000000001, R14=0x0000000000000000, R15=0x0000000030ac0750
RIP=0x00000000001c0000, EFLAGS=0x0000000000010246

Top of Stack: (sp=0x000000003731ee48)
0x000000003731ee48:   00007fff0ec6141c 0000000030ac0600
0x000000003731ee58:   00007fff16f0c364 0000000037ae9b00
0x000000003731ee68:   0000000000000000 0000000000000000
0x000000003731ee78:   000000002cbb1580 000000003731f1c0
0x000000003731ee88:   00007fff0ec76fda 0000000030ac08c0
0x000000003731ee98:   000000003731f138 0000000000000000
0x000000003731eea8:   0000000030ac06a0 0000000030ac06a0
0x000000003731eeb8:   0000000000000000 0000000000000001
0x000000003731eec8:   00007fff0ec5fcf4 000000002d570240
0x000000003731eed8:   000000003731eef8 0000000000000002
0x000000003731eee8:   00007fff0ec77aa8 0000000000000000
0x000000003731eef8:   00007fff0ec5faa0 0000000000000000
0x000000003731ef08:   0000000000000000 0000000000000040
0x000000003731ef18:   000000000a9172b1 0000000030ac06a0
0x000000003731ef28:   00007ffefcac1882 000000002d570240
0x000000003731ef38:   000000000a91705d 000000001d230020 

Instructions: (pc=0x00000000001c0000)
0x00000000001bffe0:   
[error occurred during error reporting (printing registers, top of stack, instructions near pc), id 0xc0000005]

Register to memory mapping:

RAX=0x00000000001c0000 is an unknown value
RBX=0x0000000030ac0720 is an unknown value
RCX=0x000000002a8d0c80 is an unknown value
RDX=0x0000000000000000 is an unknown value
RSP=0x000000003731ee48 is pointing into the stack for thread: 0x000000002d353000
RBP=0x0000000000000000 is an unknown value
RSI=0x0000000000000140 is an unknown value
RDI=0x0000000030ac0868 is an unknown value
R8 =0x0000000000000000 is an unknown value
R9 =0x0000000000000000 is an unknown value
R10=0x0000000000000000 is an unknown value
R11=0x0000000000000203 is an unknown value
R12=0x00000000001c0000 is an unknown value
R13=0x0000000000000001 is an unknown value
R14=0x0000000000000000 is an unknown value
R15=0x0000000030ac0750 is an unknown value


Stack: [0x0000000037020000,0x0000000037320000],  sp=0x000000003731ee48,  free space=3067k
Native frames: (J=compiled Java code, j=interpreted, Vv=VM code, C=native code)
C  0x00000000001c0000

[error occurred during error reporting (printing native stack), id 0xc0000005]

Java frames: (J=compiled Java code, j=interpreted, Vv=VM code)
j  sun.awt.shell.Win32ShellFolder2.getNextChild(J)J+0
j  sun.awt.shell.Win32ShellFolder2.access$1100(Lsun/awt/shell/Win32ShellFolder2;J)J+2
j  sun.awt.shell.Win32ShellFolder2$9.call()[Ljava/io/File;+94
j  sun.awt.shell.Win32ShellFolder2$9.call()Ljava/lang/Object;+1
j  java.util.concurrent.FutureTask$Sync.innerRun()V+29
j  java.util.concurrent.FutureTask.run()V+4
j  java.util.concurrent.ThreadPoolExecutor.runWorker(Ljava/util/concurrent/ThreadPoolExecutor$Worker;)V+95
j  java.util.concurrent.ThreadPoolExecutor$Worker.run()V+5
j  sun.awt.shell.Win32ShellFolderManager2$ComInvoker$3.run()V+7
j  java.lang.Thread.run()V+11
v  ~StubRoutines::call_stub

---------------  P R O C E S S  ---------------

Java Threads: ( => current thread )
=>0x000000002d353000 JavaThread "Swing-Shell" daemon [_thread_in_native, id=5044, stack(0x0000000037020000,0x0000000037320000)]
  0x0000000033e94000 JavaThread "HFileChooser Load File/Folder Choosers Thread" [_thread_blocked, id=2672, stack(0x0000000036d20000,0x0000000037020000)]
  0x00000000363c0800 JavaThread "Monitor File Timestamp" [_thread_blocked, id=4392, stack(0x0000000036a20000,0x0000000036d20000)]
  0x000000002fd62000 JavaThread "Image Fetcher 3" daemon [_thread_blocked, id=4728, stack(0x0000000031420000,0x0000000031720000)]
  0x000000002fd63000 JavaThread "Image Fetcher 2" daemon [_thread_blocked, id=4292, stack(0x0000000030e20000,0x0000000031120000)]
  0x000000002fd64000 JavaThread "Image Fetcher 1" daemon [_thread_blocked, id=4544, stack(0x000000002ff20000,0x0000000030220000)]
  0x000000002d5a9800 JavaThread "Image Fetcher 0" daemon [_thread_blocked, id=4612, stack(0x000000002e620000,0x000000002e920000)]
  0x0000000006ad9800 JavaThread "AWT-EventQueue-1" [_thread_in_native, id=3484, stack(0x000000002e320000,0x000000002e620000)]
  0x0000000006ad2800 JavaThread "Process Messages" [_thread_blocked, id=3080, stack(0x000000002df20000,0x000000002e220000)]
  0x0000000006ad5000 JavaThread "Thread-3" [_thread_blocked, id=4596, stack(0x0000000003c50000,0x0000000005050000)]
  0x000000002cecc800 JavaThread "AWT-EventQueue-0" [_thread_blocked, id=4180, stack(0x000000002db20000,0x000000002de20000)]
  0x000000002cec0800 JavaThread "AWT-Shutdown" [_thread_blocked, id=2860, stack(0x000000002d820000,0x000000002db20000)]
  0x000000002a860800 JavaThread "AWT-Windows" daemon [_thread_in_native, id=2544, stack(0x000000002c2d0000,0x000000002c5d0000)]
  0x000000002a861800 JavaThread "Java2D Disposer" daemon [_thread_blocked, id=492, stack(0x000000002bcd0000,0x000000002bfd0000)]
  0x000000002b600800 JavaThread "TimerQueue" daemon [_thread_blocked, id=3540, stack(0x000000002b8d0000,0x000000002bbd0000)]
  0x0000000028e70800 JavaThread "Service Thread" daemon [_thread_blocked, id=5108, stack(0x000000002a260000,0x000000002a560000)]
  0x0000000028de5000 JavaThread "C1 CompilerThread2" daemon [_thread_blocked, id=1444, stack(0x000000002a160000,0x000000002a260000)]
  0x0000000028de1000 JavaThread "C2 CompilerThread1" daemon [_thread_blocked, id=4420, stack(0x000000002a060000,0x000000002a160000)]
  0x0000000023a11000 JavaThread "C2 CompilerThread0" daemon [_thread_blocked, id=376, stack(0x0000000029f60000,0x000000002a060000)]
  0x0000000028dd1800 JavaThread "Attach Listener" daemon [_thread_blocked, id=4896, stack(0x0000000029c60000,0x0000000029f60000)]
  0x0000000028ed2000 JavaThread "Signal Dispatcher" daemon [_thread_blocked, id=2852, stack(0x0000000029960000,0x0000000029c60000)]
  0x0000000028ed4000 JavaThread "Surrogate Locker Thread (Concurrent GC)" daemon [_thread_blocked, id=2700, stack(0x0000000029660000,0x0000000029960000)]
  0x0000000028d75800 JavaThread "Finalizer" daemon [_thread_blocked, id=5012, stack(0x0000000029360000,0x0000000029660000)]
  0x0000000028d77000 JavaThread "Reference Handler" daemon [_thread_blocked, id=3312, stack(0x0000000029060000,0x0000000029360000)]
  0x000000001c05b000 JavaThread "main" [_thread_blocked, id=2956, stack(0x000000001d280000,0x000000001d380000)]

Other Threads:
  0x00000000239e2000 VMThread [stack: 0x0000000028f60000,0x0000000029060000] [id=3772]
  0x0000000023961800 WatcherThread [stack: 0x000000002a560000,0x000000002a660000] [id=2424]

VM state:not at safepoint (normal execution)

VM Mutex/Monitor currently owned by a thread: None

Heap
 par new generation   total 55296K, used 31767K [0x0000000778000000, 0x000000077bc00000, 0x000000077bc00000)
  eden space 49152K,  52% used [0x0000000778000000, 0x0000000779905ca0, 0x000000077b000000)
  from space 6144K, 100% used [0x000000077b000000, 0x000000077b600000, 0x000000077b600000)
  to   space 6144K,   0% used [0x000000077b600000, 0x000000077b600000, 0x000000077bc00000)
 concurrent mark-sweep generation total 69632K, used 9963K [0x000000077bc00000, 0x0000000780000000, 0x00000007f8000000)
 concurrent-mark-sweep perm gen total 131072K, used 28470K [0x00000007f8000000, 0x0000000800000000, 0x0000000800000000)

Card table byte_map: [0x0000000023a20000,0x0000000023e70000] byte_map_base: 0x000000001fe60000

Polling page: 0x000000001d380000

Code Cache  [0x000000001d3a0000, 0x000000001da50000, 0x00000000233a0000)
 total_blobs=2422 nmethods=1816 adapters=522 free_code_cache=91522Kb largest_free_block=93661504

Compilation events (10 events):
Event: 17.088 Thread 0x0000000028de5000 2133       3       java.awt.Window::getContainer (2 bytes)
Event: 17.088 Thread 0x0000000028de5000 nmethod 2133 0x000000001da14c50 code [0x000000001da14da0, 0x000000001da14f30]
Event: 17.089 Thread 0x0000000028de5000 2135       3       java.awt.Container::insets (42 bytes)
Event: 17.090 Thread 0x0000000028de5000 nmethod 2135 0x000000001d8b32d0 code [0x000000001d8b34a0, 0x000000001d8b3ca8]
Event: 17.102 Thread 0x0000000028de5000 2136   !   3       sun.font.TrueTypeFont::readBlock (493 bytes)
Event: 17.107 Thread 0x0000000028de5000 nmethod 2136 0x000000001da35d10 code [0x000000001da36400, 0x000000001da3b2e8]
Event: 17.109 Thread 0x0000000028de5000 2137       3       java.nio.DirectByteBuffer::isReadOnly (2 bytes)
Event: 17.109 Thread 0x0000000028de5000 nmethod 2137 0x000000001d8b2f90 code [0x000000001d8b30e0, 0x000000001d8b3270]
Event: 17.141 Thread 0x0000000028de5000 2138       3       java.util.concurrent.locks.AbstractQueuedSynchronizer::doReleaseShared (79 bytes)
Event: 17.141 Thread 0x0000000028de5000 nmethod 2138 0x000000001d7d3450 code [0x000000001d7d3600, 0x000000001d7d3bc8]

GC Heap History (4 events):
Event: 8.742 GC heap before
{Heap before GC invocations=0 (full 0):
 par new generation   total 55296K, used 49152K [0x0000000778000000, 0x000000077bc00000, 0x000000077bc00000)
  eden space 49152K, 100% used [0x0000000778000000, 0x000000077b000000, 0x000000077b000000)
  from space 6144K,   0% used [0x000000077b000000, 0x000000077b000000, 0x000000077b600000)
  to   space 6144K,   0% used [0x000000077b600000, 0x000000077b600000, 0x000000077bc00000)
 concurrent mark-sweep generation total 69632K, used 0K [0x000000077bc00000, 0x0000000780000000, 0x00000007f8000000)
 concurrent-mark-sweep perm gen total 131072K, used 11522K [0x00000007f8000000, 0x0000000800000000, 0x0000000800000000)
Event: 8.784 GC heap after
Heap after GC invocations=1 (full 0):
 par new generation   total 55296K, used 6018K [0x0000000778000000, 0x000000077bc00000, 0x000000077bc00000)
  eden space 49152K,   0% used [0x0000000778000000, 0x0000000778000000, 0x000000077b000000)
  from space 6144K,  97% used [0x000000077b600000, 0x000000077bbe0a30, 0x000000077bc00000)
  to   space 6144K,   0% used [0x000000077b000000, 0x000000077b000000, 0x000000077b600000)
 concurrent mark-sweep generation total 69632K, used 0K [0x000000077bc00000, 0x0000000780000000, 0x00000007f8000000)
 concurrent-mark-sweep perm gen total 131072K, used 11522K [0x00000007f8000000, 0x0000000800000000, 0x0000000800000000)
}
Event: 14.946 GC heap before
{Heap before GC invocations=1 (full 0):
 par new generation   total 55296K, used 55170K [0x0000000778000000, 0x000000077bc00000, 0x000000077bc00000)
  eden space 49152K, 100% used [0x0000000778000000, 0x000000077b000000, 0x000000077b000000)
  from space 6144K,  97% used [0x000000077b600000, 0x000000077bbe0a30, 0x000000077bc00000)
  to   space 6144K,   0% used [0x000000077b000000, 0x000000077b000000, 0x000000077b600000)
 concurrent mark-sweep generation total 69632K, used 0K [0x000000077bc00000, 0x0000000780000000, 0x00000007f8000000)
 concurrent-mark-sweep perm gen total 131072K, used 22821K [0x00000007f8000000, 0x0000000800000000, 0x0000000800000000)
Event: 15.017 GC heap after
Heap after GC invocations=2 (full 0):
 par new generation   total 55296K, used 6144K [0x0000000778000000, 0x000000077bc00000, 0x000000077bc00000)
  eden space 49152K,   0% used [0x0000000778000000, 0x0000000778000000, 0x000000077b000000)
  from space 6144K, 100% used [0x000000077b000000, 0x000000077b600000, 0x000000077b600000)
  to   space 6144K,   0% used [0x000000077b600000, 0x000000077b600000, 0x000000077bc00000)
 concurrent mark-sweep generation total 69632K, used 9963K [0x000000077bc00000, 0x0000000780000000, 0x00000007f8000000)
 concurrent-mark-sweep perm gen total 131072K, used 22821K [0x00000007f8000000, 0x0000000800000000, 0x0000000800000000)
}

Deoptimization events (10 events):
Event: 16.153 Thread 0x0000000033e94000 Uncommon trap -58 fr.pc 0x000000001d7e98e8
Event: 16.156 Thread 0x0000000033e94000 Uncommon trap -58 fr.pc 0x000000001d7e98e8
Event: 16.156 Thread 0x0000000033e94000 Uncommon trap -58 fr.pc 0x000000001d7e98e8
Event: 16.157 Thread 0x0000000033e94000 Uncommon trap -58 fr.pc 0x000000001d7da754
Event: 16.384 Thread 0x0000000033e94000 Uncommon trap 668 fr.pc 0x000000001d91f5d4
Event: 16.619 Thread 0x0000000033e94000 Uncommon trap -34 fr.pc 0x000000001d59d624
Event: 16.761 Thread 0x0000000033e94000 Uncommon trap -34 fr.pc 0x000000001d59d624
Event: 16.768 Thread 0x0000000006ad9800 Uncommon trap -83 fr.pc 0x000000001d4a7648
Event: 16.847 Thread 0x0000000033e94000 Uncommon trap -34 fr.pc 0x000000001d59d624
Event: 17.060 Thread 0x0000000006ad9800 Uncommon trap -83 fr.pc 0x000000001da1bf3c

Internal exceptions (10 events):
Event: 16.920 Thread 0x0000000033e94000 Threw 0x00000007796744c8 at C:\jdk7u2_64p\jdk7u17\hotspot\src\share\vm\prims\jvm.cpp:1166
Event: 17.006 Thread 0x0000000006ad9800 Threw 0x0000000779823c70 at C:\jdk7u2_64p\jdk7u17\hotspot\src\share\vm\prims\jvm.cpp:1166
Event: 17.063 Thread 0x0000000006ad9800 Threw 0x000000077983e1e8 at C:\jdk7u2_64p\jdk7u17\hotspot\src\share\vm\prims\jvm.cpp:1166
Event: 17.064 Thread 0x0000000006ad9800 Threw 0x0000000779840180 at C:\jdk7u2_64p\jdk7u17\hotspot\src\share\vm\prims\jvm.cpp:1166
Event: 17.064 Thread 0x0000000006ad9800 Threw 0x0000000779845440 at C:\jdk7u2_64p\jdk7u17\hotspot\src\share\vm\prims\jvm.cpp:1166
Event: 17.065 Thread 0x0000000006ad9800 Threw 0x0000000779847c48 at C:\jdk7u2_64p\jdk7u17\hotspot\src\share\vm\prims\jvm.cpp:1166
Event: 17.065 Thread 0x0000000006ad9800 Threw 0x000000077984c2c0 at C:\jdk7u2_64p\jdk7u17\hotspot\src\share\vm\prims\jvm.cpp:1166
Event: 17.079 Thread 0x0000000006ad9800 Threw 0x0000000779860688 at C:\jdk7u2_64p\jdk7u17\hotspot\src\share\vm\prims\jvm.cpp:1166
Event: 17.082 Thread 0x0000000006ad9800 Threw 0x0000000779865a80 at C:\jdk7u2_64p\jdk7u17\hotspot\src\share\vm\prims\jvm.cpp:1166
Event: 17.083 Thread 0x0000000006ad9800 Threw 0x0000000779868850 at C:\jdk7u2_64p\jdk7u17\hotspot\src\share\vm\prims\jvm.cpp:1166

Events (10 events):
Event: 17.082 loading class 0x00000000305bc980 done
Event: 17.083 loading class 0x00000000305be300
Event: 17.083 loading class 0x00000000305be300 done
Event: 17.085 Thread 0x0000000028de5000 flushing nmethod 0x000000001d7d3450
Event: 17.088 Thread 0x0000000028de5000 flushing nmethod 0x000000001d8b2d10
Event: 17.104 loading class 0x000000002c070800
Event: 17.136 loading class 0x000000003226f640
Event: 17.139 loading class 0x000000003226f640 done
Event: 17.139 loading class 0x000000002c070800 done
Event: 17.142 loading class 0x000000002a83e780


Dynamic libraries:
0x0000000140000000 - 0x000000014000e000 	C:\Xilinx\14.7\ISE_DS\PlanAhead\bin\unwrapped\win64.o\planAhead.exe
0x00007fff16ef0000 - 0x00007fff17099000 	C:\WINDOWS\SYSTEM32\ntdll.dll
0x00007fff14ca0000 - 0x00007fff14dd9000 	C:\WINDOWS\system32\KERNEL32.DLL
0x00007fff145d0000 - 0x00007fff146de000 	C:\WINDOWS\system32\KERNELBASE.dll
0x000000000a900000 - 0x000000000a945000 	C:\Xilinx\14.7\ISE_DS\PlanAhead\lib\win64.o\SHSMP64.dll
0x0000000180000000 - 0x0000000180013000 	C:\Xilinx\14.7\ISE_DS\PlanAhead\lib\win64.o\libboost_signals.dll
0x0000000000340000 - 0x0000000000bc1000 	C:\Xilinx\14.7\ISE_DS\PlanAhead\lib\win64.o\librdi_common.dll
0x0000000000170000 - 0x0000000000186000 	C:\Xilinx\14.7\ISE_DS\PlanAhead\lib\win64.o\librdi_commonmain.dll
0x0000000000bd0000 - 0x0000000000cbe000 	C:\Xilinx\14.7\ISE_DS\PlanAhead\lib\win64.o\stlport.5.2.dll
0x0000000067c00000 - 0x0000000067ca3000 	C:\WINDOWS\WinSxS\amd64_microsoft.vc90.crt_1fc8b3b9a1e18e3b_9.0.30729.8387_none_08e793bfa83a89b5\MSVCR90.dll
0x00007fff14ed0000 - 0x00007fff15041000 	C:\WINDOWS\system32\USER32.dll
0x00007fff15050000 - 0x00007fff150f5000 	C:\WINDOWS\system32\ADVAPI32.dll
0x00007fff0d820000 - 0x00007fff0d82a000 	C:\WINDOWS\SYSTEM32\VERSION.dll
0x0000000000cc0000 - 0x0000000000fa9000 	C:\Xilinx\14.7\ISE_DS\PlanAhead\lib\win64.o\libCOIN-all.dll
0x0000000000fb0000 - 0x00000000011ea000 	C:\Xilinx\14.7\ISE_DS\PlanAhead\lib\win64.o\libSecurity.dll
0x00000000011f0000 - 0x00000000011ff000 	C:\Xilinx\14.7\ISE_DS\PlanAhead\lib\win64.o\libboost_date_time.dll
0x0000000001200000 - 0x0000000001227000 	C:\Xilinx\14.7\ISE_DS\PlanAhead\lib\win64.o\libboost_filesystem.dll
0x0000000001230000 - 0x00000000012a1000 	C:\Xilinx\14.7\ISE_DS\PlanAhead\lib\win64.o\libboost_program_options.dll
0x00000000012b0000 - 0x000000000135f000 	C:\Xilinx\14.7\ISE_DS\PlanAhead\lib\win64.o\libboost_regex.dll
0x0000000001360000 - 0x0000000001369000 	C:\Xilinx\14.7\ISE_DS\PlanAhead\lib\win64.o\libboost_system.dll
0x0000000001370000 - 0x0000000001386000 	C:\Xilinx\14.7\ISE_DS\PlanAhead\lib\win64.o\libboost_thread.dll
0x0000000001390000 - 0x00000000013d3000 	C:\Xilinx\14.7\ISE_DS\PlanAhead\lib\win64.o\libcurl.dll
0x00000000013e0000 - 0x0000000001463000 	C:\Xilinx\14.7\ISE_DS\PlanAhead\lib\win64.o\libhdlpsolve.dll
0x0000000001470000 - 0x0000000001527000 	C:\Xilinx\14.7\ISE_DS\PlanAhead\lib\win64.o\libhdxml.dll
0x0000000001530000 - 0x0000000001a730d3 	C:\Xilinx\14.7\ISE_DS\PlanAhead\lib\win64.o\libisl_iostreams.dll
0x0000000001a80000 - 0x0000000001aa9000 	C:\Xilinx\14.7\ISE_DS\PlanAhead\lib\win64.o\libisl_sysinfo.dll
0x0000000067250000 - 0x000000006796f000 	C:\Xilinx\14.7\ISE_DS\PlanAhead\tps\win64\jre\bin\server\jvm.dll
0x0000000001ab0000 - 0x0000000001ac2000 	C:\Xilinx\14.7\ISE_DS\PlanAhead\lib\win64.o\pthreadVC.dll
0x0000000001ad0000 - 0x0000000001ae6000 	C:\Xilinx\14.7\ISE_DS\PlanAhead\lib\win64.o\librdiconfig.dll
0x0000000001af0000 - 0x0000000001b0e000 	C:\Xilinx\14.7\ISE_DS\PlanAhead\lib\win64.o\librdizlib.dll
0x0000000010000000 - 0x000000001012a000 	C:\Xilinx\14.7\ISE_DS\PlanAhead\lib\win64.o\tcl85t.dll
0x0000000012000000 - 0x0000000012282000 	C:\Xilinx\14.7\ISE_DS\PlanAhead\lib\win64.o\xerces-c_3_1.dll
0x00007fff16ca0000 - 0x00007fff16ca7000 	C:\WINDOWS\system32\PSAPI.DLL
0x00007fff0dce0000 - 0x00007fff0df20000 	C:\WINDOWS\SYSTEM32\WININET.dll
0x00007fff0d900000 - 0x00007fff0d9c5000 	C:\WINDOWS\SYSTEM32\WINHTTP.dll
0x00007fff0e1d0000 - 0x00007fff0e32f000 	C:\WINDOWS\SYSTEM32\urlmon.dll
0x00007fff01fa0000 - 0x00007fff01fa9000 	C:\WINDOWS\SYSTEM32\WSOCK32.dll
0x0000000067970000 - 0x0000000067a43000 	C:\WINDOWS\WinSxS\amd64_microsoft.vc90.crt_1fc8b3b9a1e18e3b_9.0.30729.8387_none_08e793bfa83a89b5\MSVCP90.dll
0x00007fff15830000 - 0x00007fff16c3d000 	C:\WINDOWS\system32\SHELL32.dll
0x00007fff15360000 - 0x00007fff154a5000 	C:\WINDOWS\system32\GDI32.dll
0x00007fff14e20000 - 0x00007fff14ec7000 	C:\WINDOWS\system32\msvcrt.dll
0x00007fff16c40000 - 0x00007fff16c97000 	C:\WINDOWS\SYSTEM32\sechost.dll
0x00007fff15510000 - 0x00007fff15646000 	C:\WINDOWS\system32\RPCRT4.dll
0x00007fff12010000 - 0x00007fff12025000 	C:\WINDOWS\SYSTEM32\NETAPI32.dll
0x00007fff14780000 - 0x00007fff1481a000 	C:\WINDOWS\system32\COMDLG32.dll
0x00007fff14340000 - 0x00007fff143e1000 	C:\WINDOWS\WinSxS\amd64_microsoft.windows.common-controls_6595b64144ccf1df_5.82.9600.16384_none_34a8918f959016ea\COMCTL32.dll
0x00007fff14a00000 - 0x00007fff14ab7000 	C:\WINDOWS\system32\OLEAUT32.dll
0x00007fff14b20000 - 0x00007fff14c96000 	C:\WINDOWS\system32\ole32.dll
0x00007fff146e0000 - 0x00007fff1472e000 	C:\WINDOWS\system32\WINTRUST.dll
0x00007fff143f0000 - 0x00007fff145c7000 	C:\WINDOWS\system32\CRYPT32.dll
0x0000000001bb0000 - 0x0000000001bbc000 	C:\Xilinx\14.7\ISE_DS\PlanAhead\lib\win64.o\libboost_chrono.dll
0x00007fff16e20000 - 0x00007fff16e78000 	C:\WINDOWS\system32\WS2_32.dll
0x00007fff14ac0000 - 0x00007fff14b1a000 	C:\WINDOWS\system32\WLDAP32.dll
0x0000000001bf0000 - 0x0000000001c09000 	C:\Xilinx\14.7\ISE_DS\PlanAhead\lib\win64.o\libboost_iostreams.dll
0x00007fff0a490000 - 0x00007fff0a4af000 	C:\WINDOWS\SYSTEM32\WINMM.dll
0x0000000067b20000 - 0x0000000067bf2000 	C:\WINDOWS\SYSTEM32\MSVCR100.dll
0x00007fff0df20000 - 0x00007fff0e1c8000 	C:\WINDOWS\SYSTEM32\iertutil.dll
0x00007fff14820000 - 0x00007fff149f7000 	C:\WINDOWS\SYSTEM32\combase.dll
0x00007fff16e80000 - 0x00007fff16ed1000 	C:\WINDOWS\system32\SHLWAPI.dll
0x00007fff13c60000 - 0x00007fff13c6c000 	C:\WINDOWS\SYSTEM32\netutils.dll
0x00007fff140c0000 - 0x00007fff140e5000 	C:\WINDOWS\SYSTEM32\srvcli.dll
0x00007fff131d0000 - 0x00007fff131e6000 	C:\WINDOWS\SYSTEM32\wkscli.dll
0x00007fff14320000 - 0x00007fff14332000 	C:\WINDOWS\system32\MSASN1.dll
0x00007fff16ee0000 - 0x00007fff16ee9000 	C:\WINDOWS\system32\NSI.dll
0x00007fff0a420000 - 0x00007fff0a44a000 	C:\WINDOWS\SYSTEM32\WINMMBASE.dll
0x00007fff14730000 - 0x00007fff1477a000 	C:\WINDOWS\SYSTEM32\cfgmgr32.dll
0x00007fff126b0000 - 0x00007fff126d6000 	C:\WINDOWS\SYSTEM32\DEVOBJ.dll
0x00007fff131f0000 - 0x00007fff13291000 	C:\WINDOWS\SYSTEM32\SHCORE.DLL
0x00007fff14de0000 - 0x00007fff14e14000 	C:\WINDOWS\system32\IMM32.DLL
0x00007fff16cb0000 - 0x00007fff16de8000 	C:\WINDOWS\system32\MSCTF.dll
0x0000000005050000 - 0x0000000005343000 	C:\Xilinx\14.7\ISE_DS\PlanAhead\lib\win64.o\librdi_commontasks.dll
0x0000000008c50000 - 0x0000000009290000 	C:\Xilinx\14.7\ISE_DS\PlanAhead\lib\win64.o\librdi_coretasks.dll
0x0000000009290000 - 0x0000000009457000 	C:\Xilinx\14.7\ISE_DS\PlanAhead\lib\win64.o\librdi_chipscope.dll
0x0000000009460000 - 0x000000000a480000 	C:\Xilinx\14.7\ISE_DS\PlanAhead\lib\win64.o\librdi_constraints.dll
0x000000000a950000 - 0x000000000bc1c000 	C:\Xilinx\14.7\ISE_DS\PlanAhead\lib\win64.o\librdi_coregen.dll
0x000000000bc20000 - 0x000000000f271000 	C:\Xilinx\14.7\ISE_DS\PlanAhead\lib\win64.o\librdi_designutils.dll
0x000000000f280000 - 0x000000000fe5a000 	C:\Xilinx\14.7\ISE_DS\PlanAhead\lib\win64.o\librdi_device.dll
0x000000000a480000 - 0x000000000a794000 	C:\Xilinx\14.7\ISE_DS\PlanAhead\lib\win64.o\librdi_drc.dll
0x0000000010130000 - 0x00000000103be000 	C:\Xilinx\14.7\ISE_DS\PlanAhead\lib\win64.o\librdi_filemgmt.dll
0x00000000103c0000 - 0x0000000010796000 	C:\Xilinx\14.7\ISE_DS\PlanAhead\lib\win64.o\librdi_netlist.dll
0x00000000107a0000 - 0x00000000118c3000 	C:\Xilinx\14.7\ISE_DS\PlanAhead\lib\win64.o\librdi_place.dll
0x00000000118d0000 - 0x0000000011df2000 	C:\Xilinx\14.7\ISE_DS\PlanAhead\lib\win64.o\librdi_power.dll
0x0000000012290000 - 0x0000000012643000 	C:\Xilinx\14.7\ISE_DS\PlanAhead\lib\win64.o\librdi_project.dll
0x0000000012650000 - 0x0000000012bed000 	C:\Xilinx\14.7\ISE_DS\PlanAhead\lib\win64.o\librdi_rsb.dll
0x0000000012bf0000 - 0x0000000012fe8000 	C:\Xilinx\14.7\ISE_DS\PlanAhead\lib\win64.o\librdi_runs.dll
0x0000000012ff0000 - 0x0000000013ac8000 	C:\Xilinx\14.7\ISE_DS\PlanAhead\lib\win64.o\librdi_timing.dll
0x0000000003610000 - 0x000000000367e000 	C:\Xilinx\14.7\ISE_DS\PlanAhead\lib\win64.o\liblmx6.0.dll
0x0000000003690000 - 0x0000000003698000 	C:\Xilinx\14.7\ISE_DS\PlanAhead\lib\win64.o\libpsta_dllwrapper.dll
0x0000000013ad0000 - 0x000000001429f000 	C:\Xilinx\14.7\ISE_DS\PlanAhead\lib\win64.o\librdi_coregenipxact.dll
0x00000000142a0000 - 0x0000000014a40000 	C:\Xilinx\14.7\ISE_DS\PlanAhead\lib\win64.o\libverific.dll
0x00000000036d0000 - 0x000000000374d000 	C:\Xilinx\14.7\ISE_DS\PlanAhead\lib\win64.o\libboost_serialization.dll
0x0000000014a40000 - 0x0000000014f84000 	C:\Xilinx\14.7\ISE_DS\PlanAhead\lib\win64.o\librdi_xdm.dll
0x000000000a7e0000 - 0x000000000a870000 	C:\Xilinx\14.7\ISE_DS\PlanAhead\lib\win64.o\libise.dll
0x0000000014f90000 - 0x000000001556c000 	C:\Xilinx\14.7\ISE_DS\PlanAhead\lib\win64.o\librdi_abc_nomp.dll
0x000000000fe60000 - 0x000000000ff88000 	C:\Xilinx\14.7\ISE_DS\PlanAhead\lib\win64.o\librdi_dlyest.dll
0x000000000a870000 - 0x000000000a88a000 	C:\Xilinx\14.7\ISE_DS\PlanAhead\lib\win64.o\librdi_hmetis.dll
0x0000000067230000 - 0x0000000067241000 	C:\WINDOWS\WinSxS\amd64_microsoft.vc90.openmp_1fc8b3b9a1e18e3b_9.0.30729.6161_none_390d35aa0a1f21f9\VCOMP90.DLL
0x0000000015570000 - 0x0000000015b5e000 	C:\Xilinx\14.7\ISE_DS\PlanAhead\lib\win64.o\librdi_route.dll
0x0000000015b60000 - 0x0000000015d8a000 	C:\Xilinx\14.7\ISE_DS\PlanAhead\lib\win64.o\librdi_labtools.dll
0x0000000015d90000 - 0x00000000162cb000 	C:\Xilinx\14.7\ISE_DS\PlanAhead\lib\win64.o\librdi_memdata.dll
0x00000000162d0000 - 0x00000000179ff000 	C:\Xilinx\14.7\ISE_DS\PlanAhead\lib\win64.o\librdi_synth.dll
0x0000000017a00000 - 0x0000000017e3e000 	C:\Xilinx\14.7\ISE_DS\PlanAhead\lib\win64.o\librdi_ip.dll
0x0000000011e30000 - 0x0000000011e6d000 	C:\Xilinx\14.7\ISE_DS\PlanAhead\lib\win64.o\librdi_simbridge_kernel.dll
0x0000000017e40000 - 0x00000000182b6000 	C:\Xilinx\14.7\ISE_DS\PlanAhead\lib\win64.o\librdi_wavedata.dll
0x00000000197c0000 - 0x000000001b878000 	C:\Xilinx\14.7\ISE_DS\PlanAhead\lib\win64.o\librdi_tcltasks.dll
0x000000001b890000 - 0x000000001bb04000 	C:\Xilinx\14.7\ISE_DS\PlanAhead\lib\win64.o\librdi_bitstream.dll
0x000000001bb10000 - 0x000000001bbe4000 	C:\Xilinx\14.7\ISE_DS\PlanAhead\lib\win64.o\librdi_dsp.dll
0x000000001bbf0000 - 0x000000001bc5e000 	C:\Xilinx\14.7\ISE_DS\PlanAhead\lib\win64.o\librdi_edk.dll
0x000000001bc60000 - 0x000000001be6e000 	C:\Xilinx\14.7\ISE_DS\PlanAhead\lib\win64.o\librdi_simdata.dll
0x000000001c1b0000 - 0x000000001c306000 	C:\Xilinx\14.7\ISE_DS\PlanAhead\lib\win64.o\librdi_planaheadtasks.dll
0x000000001c320000 - 0x000000001d168000 	C:\Xilinx\14.7\ISE_DS\PlanAhead\lib\win64.o\librdi_ipservicestasks.dll
0x0000000067220000 - 0x000000006722f000 	C:\Xilinx\14.7\ISE_DS\PlanAhead\tps\win64\jre\bin\verify.dll
0x00000000671f0000 - 0x0000000067218000 	C:\Xilinx\14.7\ISE_DS\PlanAhead\tps\win64\jre\bin\java.dll
0x00000000671d0000 - 0x00000000671e5000 	C:\Xilinx\14.7\ISE_DS\PlanAhead\tps\win64\jre\bin\zip.dll
0x00000000671b0000 - 0x00000000671c9000 	C:\Xilinx\14.7\ISE_DS\PlanAhead\tps\win64\jre\bin\net.dll
0x00007fff13ae0000 - 0x00007fff13b38000 	C:\WINDOWS\system32\mswsock.dll
0x0000000067190000 - 0x00000000671a1000 	C:\Xilinx\14.7\ISE_DS\PlanAhead\tps\win64\jre\bin\nio.dll
0x000000002a960000 - 0x000000002ac46000 	C:\Xilinx\14.7\ISE_DS\PlanAhead\lib\win64.o\librdi_fed.dll
0x000000002ac60000 - 0x000000002aec1000 	C:\Xilinx\14.7\ISE_DS\PlanAhead\lib\win64.o\librdi_guitools.dll
0x000000002aee0000 - 0x000000002aee7000 	C:\Xilinx\14.7\ISE_DS\PlanAhead\lib\win64.o\librdi_commonx11.dll
0x000000002af00000 - 0x000000002b2ee000 	C:\Xilinx\14.7\ISE_DS\PlanAhead\lib\win64.o\librdi_rsbtasks.dll
0x000000002b300000 - 0x000000002b549000 	C:\Xilinx\14.7\ISE_DS\PlanAhead\lib\win64.o\librdi_labtoolstasks.dll
0x000000002b660000 - 0x000000002b818000 	C:\Xilinx\14.7\ISE_DS\PlanAhead\lib\win64.o\librdi_simtcltasks.dll
0x0000000066ff0000 - 0x0000000067183000 	C:\Xilinx\14.7\ISE_DS\PlanAhead\tps\win64\jre\bin\awt.dll
0x00007fff12450000 - 0x00007fff124db000 	C:\WINDOWS\system32\apphelp.dll
0x00007fff12580000 - 0x00007fff126a2000 	C:\WINDOWS\system32\uxtheme.dll
0x00007fff14070000 - 0x00007fff14091000 	C:\WINDOWS\system32\dwmapi.dll
0x00007fff12570000 - 0x00007fff1257a000 	C:\WINDOWS\SYSTEM32\kernel.appcore.dll

VM Arguments:
jvm_args: -Dsun.java2d.pmoffscreen=false -Xverify:none -Dswing.aatext=true -XX:-UsePerfData -Djdk.map.althashing.threshold=512 -XX:PermSize=128m -XX:MaxPermSize=128m -XX:NewSize=60m -XX:MaxNewSize=60m -XX:+UseConcMarkSweepGC -XX:+UseParNewGC -XX:+CMSParallelRemarkEnabled -XX:+CMSScavengeBeforeRemark -XX:+UseNUMA -XX:+AggressiveOpts -XX:+UseFastAccessorMethods -XX:+UseFastEmptyMethods -XX:+UseBiasedLocking -XX:+TieredCompilation -Xms128m -Xmx2048m -Xss3m 
java_command: <unknown>
Launcher Type: generic

Environment Variables:
PATH=C:/Xilinx/14.7/ISE_DS/PlanAhead/bin;C:/Xilinx/14.7/ISE_DS/PlanAhead/lib/win64.o;C:/Xilinx/14.7/ISE_DS/PlanAhead/tps/win64/jre/bin/server;C:/Xilinx/14.7/ISE_DS/PlanAhead/tps/win64/jre/bin;C:/Xilinx/14.7/ISE_DS/EDK/bin/nt64;C:/Xilinx/14.7/ISE_DS/EDK/lib/nt64;C:/Xilinx/14.7/ISE_DS/ISE/bin/nt64;C:/Xilinx/14.7/ISE_DS/ISE/lib/nt64;C:/Xilinx/14.7/ISE_DS/common/bin/nt64;C:/Xilinx/14.7/ISE_DS/common/lib/nt64;C:\Xilinx\14.7\ISE_DS\ISE\\lib\nt64;C:\Xilinx\14.7\ISE_DS\ISE\\bin\nt64;C:\Xilinx\14.7\ISE_DS\ISE\bin\nt64;C:\Xilinx\14.7\ISE_DS\ISE\lib\nt64;C:\Xilinx\14.7\ISE_DS\ISE\..\..\..\DocNav;C:\Xilinx\14.7\ISE_DS\PlanAhead\bin;C:\Xilinx\14.7\ISE_DS\EDK\bin\nt64;C:\Xilinx\14.7\ISE_DS\EDK\lib\nt64;C:\Xilinx\14.7\ISE_DS\EDK\gnu\microblaze\nt\bin;C:\Xilinx\14.7\ISE_DS\EDK\gnu\powerpc-eabi\nt\bin;C:\Xilinx\14.7\ISE_DS\EDK\gnuwin\bin;C:\Xilinx\14.7\ISE_DS\EDK\gnu\arm\nt\bin;C:\Xilinx\14.7\ISE_DS\EDK\gnu\microblaze\linux_toolchain\nt64_be\bin;C:\Xilinx\14.7\ISE_DS\EDK\gnu\microblaze\linux_toolchain\nt64_le\bin;C:\Xilinx\14.7\ISE_DS\common\bin\nt64;C:\Xilinx\14.7\ISE_DS\common\lib\nt64;C:\WINDOWS\system32;C:\WINDOWS;C:\WINDOWS\System32\Wbem;C:\WINDOWS\System32\WindowsPowerShell\v1.0\;C:\Program Files\MATLAB\R2014b\runtime\win64;C:\Program Files\MATLAB\R2014b\bin
USERNAME=vida
OS=Windows_NT
PROCESSOR_IDENTIFIER=Intel64 Family 6 Model 37 Stepping 5, GenuineIntel



---------------  S Y S T E M  ---------------

OS: Windows 8 , 64 bit Build 9200 

CPU:total 4 (2 cores per cpu, 2 threads per core) family 6 model 37 stepping 5, cmov, cx8, fxsr, mmx, sse, sse2, sse3, ssse3, sse4.1, sse4.2, popcnt, ht, tsc, tscinvbit

Memory: 4k page, physical 3004268k(926972k free), swap 6305244k(2962492k free)

vm_info: Java HotSpot(TM) 64-Bit Server VM (23.7-b01) for windows-amd64 JRE (1.7.0_17-b02), built on Mar  1 2013 03:38:30 by "java_re" with unknown MS VC++:1600

time: Sat Mar 28 15:25:25 2015
elapsed time: 17 seconds

