Release 14.2 - ngc2edif P.28xd (nt64)
Copyright (c) 1995-2012 Xilinx, Inc.  All rights reserved.
Reading design maincodev6.ngc ...
WARNING:NetListWriters:298 - No output is written to maincodev6.xncf, ignored.
Processing design ...
   Preping design's networks ...
   Preping design's macros ...
  finished :Prep
Writing EDIF netlist file maincodev6.edif ...
ngc2edif: Total memory usage is 78412 kilobytes

Release 14.2 - ngc2edif P.28xd (nt64)
Copyright (c) 1995-2012 Xilinx, Inc.  All rights reserved.
Reading design maincodev6.ngc ...
WARNING:NetListWriters:298 - No output is written to maincodev6.xncf, ignored.
Processing design ...
   Preping design's networks ...
   Preping design's macros ...
  finished :Prep
Writing EDIF netlist file maincodev6.edif ...
ngc2edif: Total memory usage is 78220 kilobytes

Release 14.2 - ngc2edif P.28xd (nt64)
Copyright (c) 1995-2012 Xilinx, Inc.  All rights reserved.
Reading design maincodev6.ngc ...
WARNING:NetListWriters:298 - No output is written to maincodev6.xncf, ignored.
Processing design ...
   Preping design's networks ...
   Preping design's macros ...
  finished :Prep
Writing EDIF netlist file maincodev6.edif ...
ngc2edif: Total memory usage is 78412 kilobytes

Release 14.2 - ngc2edif P.28xd (nt64)
Copyright (c) 1995-2012 Xilinx, Inc.  All rights reserved.
Reading design maincodev6.ngc ...
WARNING:NetListWriters:298 - No output is written to maincodev6.xncf, ignored.
Processing design ...
   Preping design's networks ...
   Preping design's macros ...
  finished :Prep
Writing EDIF netlist file maincodev6.edif ...
ngc2edif: Total memory usage is 78412 kilobytes

Release 14.2 - ngc2edif P.28xd (nt64)
Copyright (c) 1995-2012 Xilinx, Inc.  All rights reserved.
Reading design maincodev6.ngc ...
WARNING:NetListWriters:298 - No output is written to maincodev6.xncf, ignored.
Processing design ...
   Preping design's networks ...
   Preping design's macros ...
  finished :Prep
Writing EDIF netlist file maincodev6.edif ...
ngc2edif: Total memory usage is 78348 kilobytes

